============================= test session starts ==============================
platform linux -- Python 3.13.5, pytest-9.0.0, pluggy-1.6.0 -- /home/fredmin/projects/ha-jackery-solarvault-ng/.venv/bin/python3
cachedir: .pytest_cache
rootdir: /home/fredmin/projects/ha-jackery-solarvault-ng
configfile: pyproject.toml
plugins: respx-0.22.0, syrupy-5.0.0, requests-mock-1.12.1, picked-0.5.1, timeout-2.4.0, anyio-4.14.2, pytest_freezer-0.4.9, homeassistant-custom-component-0.13.316, unordered-0.7.0, asyncio-1.3.0, cov-7.0.0, socket-0.7.0, github-actions-annotate-failures-0.3.0, xdist-3.8.0, sugar-1.0.0, aiohttp-1.1.0
timeout: 30.0s
timeout method: signal
timeout func_only: False
asyncio: mode=Mode.AUTO, debug=False, asyncio_default_fixture_loop_scope=None, asyncio_default_test_loop_scope=function
collecting ... collected 174 items

tests/test_calculate_energy_flow.py::test_battery_charging_when_pv_exceeds_load PASSED [  0%]
tests/test_calculate_energy_flow.py::test_battery_charging_when_grid_feeds_unit PASSED [  1%]
tests/test_calculate_energy_flow.py::test_battery_discharging_when_unit_feeds_grid PASSED [  1%]
tests/test_calculate_energy_flow.py::test_grid_net_power_with_ct_import PASSED [  2%]
tests/test_calculate_energy_flow.py::test_grid_net_power_with_ct_export PASSED [  2%]
tests/test_calculate_energy_flow.py::test_home_power_ct_available_normal PASSED [  3%]
tests/test_calculate_energy_flow.py::test_home_power_ct_feed_in_with_ongrid_supply PASSED [  4%]
tests/test_calculate_energy_flow.py::test_home_power_phase_balanced_feed_in PASSED [  4%]
tests/test_calculate_energy_flow.py::test_home_power_anomaly_branch_small_difference PASSED [  5%]
tests/test_calculate_energy_flow.py::test_home_power_anomaly_branch_large_difference PASSED [  5%]
tests/test_calculate_energy_flow.py::test_no_ct_grid_not_available PASSED [  6%]
tests/test_calculate_energy_flow.py::test_no_ct_home_power_uses_ongrid_supply PASSED [  6%]
tests/test_calculate_energy_flow.py::test_no_ct_home_power_zero_when_no_supply PASSED [  7%]
tests/test_calculate_energy_flow.py::test_ct_abc_phase_fallback_for_import PASSED [  8%]
tests/test_calculate_energy_flow.py::test_ct_abc_phase_fallback_for_export PASSED [  8%]
tests/test_calculate_energy_flow.py::test_pv_as_dict PASSED              [  9%]
tests/test_calculate_energy_flow.py::test_fallback_to_grid_buy_sell_fields PASSED [  9%]
tests/test_calculate_energy_flow.py::test_empty_data_does_not_crash PASSED [ 10%]
tests/test_calculate_energy_flow.py::test_ct_with_empty_cts_list PASSED  [ 10%]
tests/test_calculate_energy_flow.py::test_home_power_clamped_to_zero_on_sensor_timing_artefact PASSED [ 11%]
tests/test_calculate_energy_flow.py::test_grid_available_true_when_grid_sell_is_explicitly_zero PASSED [ 12%]
tests/test_calculate_energy_flow.py::test_grid_available_true_when_only_sell_is_present_and_zero PASSED [ 12%]
tests/test_config_flow.py::test_shows_user_form PASSED                   [ 13%]
tests/test_config_flow.py::test_creates_entry_with_valid_input PASSED    [ 13%]
tests/test_config_flow.py::test_duplicate_sn_aborts_flow PASSED          [ 14%]
tests/test_config_flow.py::test_mqtt_not_available_shows_error PASSED    [ 14%]
tests/test_migration.py::test_main_sensor_gets_sn_prefix PASSED          [ 15%]
tests/test_migration.py::test_subdevice_uid_preserved PASSED             [ 16%]
tests/test_migration.py::test_main_infix_artifact_deleted PASSED         [ 16%]
tests/test_migration.py::test_conflict_orphan_deleted PASSED             [ 17%]
tests/test_migration.py::test_device_has_sn_identifier_after_setup PASSED [ 17%]
tests/test_migration.py::test_empty_sn_skips_migration PASSED            [ 18%]
tests/test_mqtt_routing.py::test_type2_merges_body_into_cache PASSED     [ 18%]
tests/test_mqtt_routing.py::test_type2_accumulates_multiple_messages PASSED [ 19%]
tests/test_mqtt_routing.py::test_type23_system_merges_into_main_cache PASSED [ 20%]
tests/test_mqtt_routing.py::test_type23_system_none_sn_also_merges PASSED [ 20%]
tests/test_mqtt_routing.py::test_type23_expansion_battery_stored_separately PASSED [ 21%]
tests/test_mqtt_routing.py::test_type101_ct_payload_sets_cts_cache PASSED [ 21%]
tests/test_mqtt_routing.py::test_type101_plug_payload_sets_plugs_cache PASSED [ 22%]
tests/test_mqtt_routing.py::test_ct_cache_not_wiped_by_plug_response PASSED [ 22%]
tests/test_mqtt_routing.py::test_plug_cache_not_wiped_by_ct_response PASSED [ 23%]
tests/test_mqtt_routing.py::test_type101_smartmeter_devtype3_goes_to_cts PASSED [ 24%]
tests/test_mqtt_routing.py::test_type101_standard_ct_devtype2_goes_to_cts PASSED [ 24%]
tests/test_mqtt_routing.py::test_type101_plug_devtype6_goes_to_plugs PASSED [ 25%]
tests/test_mqtt_routing.py::test_type101_meter_collector_devtype4_goes_to_cts PASSED [ 25%]
tests/test_mqtt_routing.py::test_type101_sn_merge_preserves_existing_fields PASSED [ 26%]
tests/test_mqtt_routing.py::test_invalid_json_does_not_crash PASSED      [ 27%]
tests/test_mqtt_routing.py::test_unknown_message_type_falls_back_to_flat_merge PASSED [ 27%]
tests/test_mqtt_routing.py::test_type101_body_none_returns_early PASSED  [ 28%]
tests/test_mqtt_routing.py::test_type106_merges_body_into_cache PASSED   [ 28%]
tests/test_mqtt_routing.py::test_type106_normalizes_workmodel_to_workmode PASSED [ 29%]
tests/test_mqtt_routing.py::test_type106_does_not_overwrite_workmode_if_present PASSED [ 29%]
tests/test_mqtt_routing.py::test_message_with_wrong_sn_is_ignored PASSED [ 30%]
tests/test_mqtt_routing.py::test_type123_error_401_triggers_reauth PASSED [ 31%]
tests/test_mqtt_routing.py::test_type123_non_401_does_not_trigger_reauth PASSED [ 31%]
tests/test_mqtt_routing.py::test_expansion_battery_null_values_do_not_overwrite_cache PASSED [ 32%]
tests/test_sensor_transforms.py::test_battery_temperature_scaling PASSED [ 32%]
tests/test_sensor_transforms.py::test_battery_temperature_zero PASSED    [ 33%]
tests/test_sensor_transforms.py::test_eps_output_power_net_positive PASSED [ 33%]
tests/test_sensor_transforms.py::test_eps_output_power_net_negative PASSED [ 34%]
tests/test_sensor_transforms.py::test_eps_output_power_defaults_to_zero_when_missing PASSED [ 35%]
tests/test_sensor_transforms.py::test_solar_pv1_dict_pvPw PASSED         [ 35%]
tests/test_sensor_transforms.py::test_solar_pv1_dict_w_key PASSED        [ 36%]
tests/test_sensor_transforms.py::test_solar_pv1_dict_power_key PASSED    [ 36%]
tests/test_sensor_transforms.py::test_solar_pv1_scalar_value PASSED      [ 37%]
tests/test_sensor_transforms.py::test_grid_import_energy_scale PASSED    [ 37%]
tests/test_sensor_transforms.py::test_battery_charge_energy_scale PASSED [ 38%]
tests/test_sensor_transforms.py::test_grid_net_power_keeps_last_value_when_none PASSED [ 39%]
tests/test_sensor_transforms.py::test_grid_net_power_updates_when_value_present PASSED [ 39%]
tests/test_sensor_transforms.py::test_missing_key_leaves_sensor_unchanged PASSED [ 40%]
tests/test_sensor_transforms.py::test_state_written_after_update PASSED  [ 40%]
tests/test_subdevice_availability.py::test_expansion_battery_not_added_to_deletion_timer PASSED [ 41%]
tests/test_subdevice_availability.py::test_expansion_battery_not_deleted_even_if_timer_set PASSED [ 41%]
tests/test_subdevice_availability.py::test_expansion_battery_stays_available_after_long_gap PASSED [ 42%]
tests/test_subdevice_availability.py::test_expansion_battery_unavailable_if_never_seen PASSED [ 43%]
tests/test_subdevice_availability.py::test_plug_deleted_after_offline_timeout PASSED [ 43%]
tests/test_subdevice_availability.py::test_startup_grace_period_suppresses_offline PASSED [ 44%]
tests/test_subdevice_entity.py::test_commmode_1_maps_to_lan PASSED       [ 44%]
tests/test_subdevice_entity.py::test_commmode_2_maps_to_cloud PASSED     [ 45%]
tests/test_subdevice_entity.py::test_commmode_invalid_value_uses_str_fallback PASSED [ 45%]
tests/test_subdevice_entity.py::test_commstate_0_maps_to_offline PASSED  [ 46%]
tests/test_subdevice_entity.py::test_commstate_1_maps_to_online PASSED   [ 47%]
tests/test_subdevice_entity.py::test_null_guard_preserves_existing_value PASSED [ 47%]
tests/test_subdevice_entity.py::test_key_absent_does_not_change_value PASSED [ 48%]
tests/test_subdevice_entity.py::test_string_ip_field_stored_as_string PASSED [ 48%]
tests/test_subdevice_entity.py::test_unitless_integer_no_float_suffix PASSED [ 49%]
tests/test_switch_select_cache.py::test_optimistic_switch_turn_on_patches_cache PASSED [ 50%]
tests/test_switch_select_cache.py::test_optimistic_switch_turn_off_patches_cache PASSED [ 50%]
tests/test_switch_select_cache.py::test_work_mode_select_patches_both_cache_keys PASSED [ 51%]
tests/test_switch_select_cache.py::test_work_mode_select_custom_mode PASSED [ 51%]
tests/test_switch_select_cache.py::test_max_feed_in_number_patches_cache PASSED [ 52%]
tests/test_switch_select_cache.py::test_max_feed_in_number_arbitrary_value PASSED [ 52%]
tests/test_switch_select_cache.py::test_max_feed_in_number_bounds PASSED [ 53%]
tests/test_switch_select_cache.py::test_follow_meter_switch_unavailable_when_work_mode_not_4 PASSED [ 54%]
tests/test_switch_select_cache.py::test_follow_meter_switch_available_and_on_when_work_mode_4 PASSED [ 54%]
tests/test_upstream_sync.py::TestFieldPresent::test_zero_is_present PASSED [ 55%]
tests/test_upstream_sync.py::TestFieldPresent::test_none_is_absent PASSED [ 55%]
tests/test_upstream_sync.py::TestFieldPresent::test_missing_key_is_absent PASSED [ 56%]
tests/test_upstream_sync.py::TestSafeFloat::test_none_returns_default PASSED [ 56%]
tests/test_upstream_sync.py::TestSafeFloat::test_custom_default PASSED   [ 57%]
tests/test_upstream_sync.py::TestSafeFloat::test_string_number PASSED    [ 58%]
tests/test_upstream_sync.py::TestSafeFloat::test_garbage_returns_default PASSED [ 58%]
tests/test_upstream_sync.py::TestPickBestPowerNet::test_empty_returns_zero PASSED [ 59%]
tests/test_upstream_sync.py::TestPickBestPowerNet::test_largest_magnitude_wins PASSED [ 59%]
tests/test_upstream_sync.py::TestPickBestPowerNet::test_zero_does_not_mask_reading PASSED [ 60%]
tests/test_upstream_sync.py::TestPickBestPowerNet::test_all_zero_returns_last PASSED [ 60%]
tests/test_upstream_sync.py::TestEffectiveOngridNet::test_uses_ongrid_fields_when_only_source PASSED [ 61%]
tests/test_upstream_sync.py::TestEffectiveOngridNet::test_type106_zero_does_not_mask_type2_reading PASSED [ 62%]
tests/test_upstream_sync.py::TestEffectiveOngridNet::test_no_source_returns_zero PASSED [ 62%]
tests/test_upstream_sync.py::TestGridNetFromSystem::test_no_fields_not_available PASSED [ 63%]
tests/test_upstream_sync.py::TestGridNetFromSystem::test_grid_in_out_available PASSED [ 63%]
tests/test_upstream_sync.py::TestGridNetFromSystem::test_ongrid_excluded_when_requested PASSED [ 64%]
tests/test_upstream_sync.py::TestGridNetFromSystem::test_ongrid_included_by_default PASSED [ 64%]
tests/test_upstream_sync.py::TestNormalizePayloadFields::test_grid_buy_aliased_to_grid_in PASSED [ 65%]
tests/test_upstream_sync.py::TestNormalizePayloadFields::test_grid_sell_aliased_to_grid_out PASSED [ 66%]
tests/test_upstream_sync.py::TestNormalizePayloadFields::test_work_model_aliased_to_work_mode PASSED [ 66%]
tests/test_upstream_sync.py::TestNormalizePayloadFields::test_existing_value_wins_over_alias PASSED [ 67%]
tests/test_upstream_sync.py::TestNormalizePayloadFields::test_zero_alias_is_kept PASSED [ 67%]
tests/test_upstream_sync.py::TestNormalizePayloadFields::test_input_not_mutated PASSED [ 68%]
tests/test_upstream_sync.py::TestExtractFlatBody::test_non_status_payload_returns_empty PASSED [ 68%]
tests/test_upstream_sync.py::TestExtractFlatBody::test_status_fields_extracted PASSED [ 69%]
tests/test_upstream_sync.py::TestExtractFlatBody::test_meta_keys_stripped PASSED [ 70%]
tests/test_upstream_sync.py::test_flat_status_message_merged_into_cache PASSED [ 70%]
tests/test_upstream_sync.py::test_flat_message_without_status_fields_ignored PASSED [ 71%]
tests/test_upstream_sync.py::test_type102_patches_known_subdevice PASSED [ 71%]
tests/test_upstream_sync.py::test_type102_creates_new_ct_from_devtype PASSED [ 72%]
tests/test_upstream_sync.py::test_type102_creates_new_plug_from_devtype PASSED [ 72%]
tests/test_upstream_sync.py::test_type102_infers_plug_devtype_from_fields PASSED [ 73%]
tests/test_upstream_sync.py::test_type102_with_arrays_uses_array_merge PASSED [ 74%]
tests/test_upstream_sync.py::test_type102_records_last_seen PASSED       [ 74%]
tests/test_upstream_sync.py::test_type102_ignores_main_device_sn PASSED  [ 75%]
tests/test_upstream_sync.py::test_type107_merges_soc PASSED              [ 75%]
tests/test_upstream_sync.py::test_type107_normalizes_workmodel PASSED    [ 76%]
tests/test_upstream_sync.py::test_type107_preserves_other_cached_fields PASSED [ 77%]
tests/test_upstream_sync.py::test_type2_grid_buy_alias_normalized PASSED [ 77%]
tests/test_upstream_sync.py::test_type23_system_alias_normalized PASSED  [ 78%]
tests/test_upstream_sync.py::test_total_battery_charge_uses_energy_balance PASSED [ 78%]
tests/test_upstream_sync.py::test_total_battery_discharge_uses_energy_balance PASSED [ 79%]
tests/test_upstream_sync.py::test_total_battery_charge_without_bat_fields PASSED [ 79%]
tests/test_upstream_sync.py::test_total_battery_charge_with_eps_output PASSED [ 80%]
tests/test_upstream_sync.py::TestConstants::test_func_enable_bits_are_contiguous PASSED [ 81%]
tests/test_upstream_sync.py::TestConstants::test_func_enable_names_unique PASSED [ 81%]
tests/test_upstream_sync.py::TestConstants::test_ct_subtype_map_has_jackery_3p PASSED [ 82%]
tests/test_upstream_sync.py::test_func_enable_attributes_decode_bits PASSED [ 82%]
tests/test_upstream_sync.py::test_func_enable_attributes_without_value PASSED [ 83%]
tests/test_v230_changes.py::TestSocBounds::test_soc_charge_limit_min PASSED [ 83%]
tests/test_v230_changes.py::TestSocBounds::test_soc_charge_limit_max PASSED [ 84%]
tests/test_v230_changes.py::TestSocBounds::test_soc_discharge_limit_min PASSED [ 85%]
tests/test_v230_changes.py::TestSocBounds::test_soc_discharge_limit_max PASSED [ 85%]
tests/test_v230_changes.py::TestSocBounds::test_soc_charge_limit_has_min_key PASSED [ 86%]
tests/test_v230_changes.py::TestSocBounds::test_soc_charge_limit_has_max_key PASSED [ 86%]
tests/test_v230_changes.py::TestSocBounds::test_soc_discharge_limit_has_min_key PASSED [ 87%]
tests/test_v230_changes.py::TestSocBounds::test_soc_discharge_limit_has_max_key PASSED [ 87%]
tests/test_v230_changes.py::TestSocBounds::test_charge_min_always_greater_than_discharge_max PASSED [ 88%]
tests/test_v230_changes.py::TestDynamicBoundsUpdate::test_dynamic_min_updates_from_data PASSED [ 89%]
tests/test_v230_changes.py::TestDynamicBoundsUpdate::test_dynamic_max_updates_from_data PASSED [ 89%]
tests/test_v230_changes.py::TestDynamicBoundsUpdate::test_dynamic_bounds_absent_leaves_defaults PASSED [ 90%]
tests/test_v230_changes.py::TestDynamicBoundsUpdate::test_value_updated_from_data PASSED [ 90%]
tests/test_v230_changes.py::TestPlugCommMode::test_local_mode PASSED     [ 91%]
tests/test_v230_changes.py::TestPlugCommMode::test_cloud_mode PASSED     [ 91%]
tests/test_v230_changes.py::TestPlugCommMode::test_missing_returns_none PASSED [ 92%]
tests/test_v230_changes.py::TestPlugCommMode::test_string_value_parsed PASSED [ 93%]
tests/test_v230_changes.py::TestPlugCommMode::test_invalid_value_returns_none PASSED [ 93%]
tests/test_v230_changes.py::TestPlugMqttControlAllowed::test_local_mode_allowed PASSED [ 94%]
tests/test_v230_changes.py::TestPlugMqttControlAllowed::test_cloud_mode_blocked PASSED [ 94%]
tests/test_v230_changes.py::TestPlugMqttControlAllowed::test_unknown_mode_blocked PASSED [ 95%]
tests/test_v230_changes.py::TestPlugMqttControlAllowed::test_unexpected_mode_blocked PASSED [ 95%]
tests/test_v230_changes.py::TestShouldCreatePlugSwitch::test_devtype6_is_plug PASSED [ 96%]
tests/test_v230_changes.py::TestShouldCreatePlugSwitch::test_devtype2_is_not_plug PASSED [ 97%]
tests/test_v230_changes.py::TestShouldCreatePlugSwitch::test_devtype3_is_not_plug PASSED [ 97%]
tests/test_v230_changes.py::TestShouldCreatePlugSwitch::test_devtype4_is_not_plug PASSED [ 98%]
tests/test_v230_changes.py::TestShouldCreatePlugSwitch::test_missing_devtype_is_not_plug PASSED [ 98%]
tests/test_v230_changes.py::TestCommModeLabels::test_local_label PASSED  [ 99%]
tests/test_v230_changes.py::TestCommModeLabels::test_cloud_label PASSED  [100%]

================================ tests coverage ================================
_______________ coverage: platform linux, python 3.13.5-final-0 ________________

Name                                       Stmts   Miss  Cover   Missing
------------------------------------------------------------------------
custom_components/jackery/__init__.py         87     19    78%   50, 63-67, 88-89, 92-98, 112-115, 121-125, 133-138
custom_components/jackery/button.py           28      2    93%   56-57
custom_components/jackery/config_flow.py      51     20    61%   36, 77, 83-91, 102, 108-144
custom_components/jackery/number.py           82      2    98%   173-174
custom_components/jackery/select.py           99     30    70%   86-96, 99-106, 145-155, 160
custom_components/jackery/sensor.py         1078    478    56%   1181, 1184, 1241, 1268, 1366, 1372, 1380-1400, 1408-1412, 1414-1418, 1435-1436, 1489-1495, 1549-1550, 1579, 1596, 1598, 1611-1622, 1655-1656, 1672, 1679-1680, 1683-1684, 1686, 1690-1697, 1702, 1730-1747, 1784, 1793-1794, 1807-1808, 1813-1814, 1829, 1837-1871, 1874, 1876, 1883-1914, 1920, 1923, 1928-1931, 1941-1961, 1971-1989, 2086-2095, 2173-2174, 2181, 2185-2188, 2192-2230, 2234-2291, 2295-2302, 2306-2361, 2365-2378, 2382-2386, 2390-2393, 2413, 2421, 2505-2506, 2518, 2523-2526, 2532, 2535-2536, 2578-2618, 2628, 2631-2633, 2636-2637, 2642-2655, 2659, 2661, 2665, 2690-2691, 2699, 2706-2795, 2799-2846, 2860-2876, 2886, 2889-2890, 2893-2894, 2897-2907, 2911-2913
custom_components/jackery/switch.py          156     69    56%   41, 84-87, 111-121, 131, 134-135, 138-139, 143-146, 149-168, 172-180, 183-184, 191-192, 199-200, 208-212, 246-247, 268-275, 278, 281, 317-318, 321, 324
------------------------------------------------------------------------
TOTAL                                       1581    620    61%
Required test coverage of 50% reached. Total coverage: 60.78%
============================= 174 passed in 2.98s ==============================
